<?xml version="1.0" encoding="UTF-8"?>
<testng-results skipped="1" failed="0" ignored="0" total="1" passed="0">
  <reporter-output>
    <line>
      <![CDATA[<div style="display:block;margin-left:10px;"><div  class="teststepfail"><span class="teststepfail-label">T </span>get '/'</div><div style="display:block;margin-left:10px;"><div  class="fail"><span class="fail-label">F </span>com.qmetry.qaf.automation.core.AutomationError: Timed out after 0 seconds: Unable to create driver instance in 1st attempt with retry timeout of 0 seconds. You can check/set value of 'driver.init.retry.timeout' appropriately to set retry timeout on driver initialization failure.
Driver file not exist.</div></div></div>]]>
    </line>
  </reporter-output>
  <suite name="Default suite" duration-ms="145" started-at="2019-04-02T09:15:15Z" finished-at="2019-04-02T09:15:15Z">
    <groups>
      <group name="P1">
        <method signature="SampleTest.testGoogleSearch4()[pri:0, instance:com.qmetry.qaf.example.test.SampleTest@6fb0d3ed]" name="testGoogleSearch4" class="com.qmetry.qaf.example.test.SampleTest"/>
      </group> <!-- P1 -->
      <group name="storykey=ZAL-1">
        <method signature="SampleTest.testGoogleSearch4()[pri:0, instance:com.qmetry.qaf.example.test.SampleTest@6fb0d3ed]" name="testGoogleSearch4" class="com.qmetry.qaf.example.test.SampleTest"/>
      </group> <!-- storykey=ZAL-1 -->
      <group name="testcasekey=asd-1">
        <method signature="SampleTest.testGoogleSearch4()[pri:0, instance:com.qmetry.qaf.example.test.SampleTest@6fb0d3ed]" name="testGoogleSearch4" class="com.qmetry.qaf.example.test.SampleTest"/>
      </group> <!-- testcasekey=asd-1 -->
    </groups>
    <test name="Default test" duration-ms="145" started-at="2019-04-02T09:15:15Z" finished-at="2019-04-02T09:15:15Z">
      <class name="com.qmetry.qaf.example.test.SampleTest">
        <test-method status="PASS" signature="setupSuit(org.testng.ITestContext)[pri:0, instance:com.qmetry.qaf.example.test.SampleTest@6fb0d3ed]" name="setupSuit" is-config="true" duration-ms="17" started-at="2019-04-02T11:15:15Z" finished-at="2019-04-02T11:15:15Z">
          <params>
            <param index="0">
              <value>
                <![CDATA[org.testng.TestRunner@8909f18]]>
              </value>
            </param>
          </params>
          <reporter-output>
          </reporter-output>
        </test-method> <!-- setupSuit -->
        <test-method status="PASS" signature="setupTest(org.testng.ITestContext)[pri:0, instance:com.qmetry.qaf.example.test.SampleTest@6fb0d3ed]" name="setupTest" is-config="true" duration-ms="1" started-at="2019-04-02T11:15:15Z" finished-at="2019-04-02T11:15:15Z">
          <params>
            <param index="0">
              <value>
                <![CDATA[org.testng.TestRunner@8909f18]]>
              </value>
            </param>
          </params>
          <reporter-output>
          </reporter-output>
        </test-method> <!-- setupTest -->
        <test-method status="PASS" signature="setup(org.testng.ITestContext)[pri:0, instance:com.qmetry.qaf.example.test.SampleTest@6fb0d3ed]" name="setup" is-config="true" duration-ms="1" started-at="2019-04-02T11:15:15Z" finished-at="2019-04-02T11:15:15Z">
          <params>
            <param index="0">
              <value>
                <![CDATA[org.testng.TestRunner@8909f18]]>
              </value>
            </param>
          </params>
          <reporter-output>
          </reporter-output>
        </test-method> <!-- setup -->
        <test-method status="PASS" signature="setupMethod(java.lang.reflect.Method, org.testng.ITestContext)[pri:0, instance:com.qmetry.qaf.example.test.SampleTest@6fb0d3ed]" name="setupMethod" is-config="true" duration-ms="1" started-at="2019-04-02T11:15:15Z" finished-at="2019-04-02T11:15:15Z">
          <params>
            <param index="0">
              <value>
                <![CDATA[public void com.qmetry.qaf.example.test.SampleTest.testGoogleSearch4()]]>
              </value>
            </param>
            <param index="1">
              <value>
                <![CDATA[org.testng.TestRunner@8909f18]]>
              </value>
            </param>
          </params>
          <reporter-output>
          </reporter-output>
        </test-method> <!-- setupMethod -->
        <test-method status="SKIP" signature="testGoogleSearch4()[pri:0, instance:com.qmetry.qaf.example.test.SampleTest@6fb0d3ed]" name="testGoogleSearch4" duration-ms="95" started-at="2019-04-02T11:15:15Z" finished-at="2019-04-02T11:15:15Z">
          <exception class="com.qmetry.qaf.automation.core.AutomationError">
            <message>
              <![CDATA[Timed out after 0 seconds: Unable to create driver instance in 1st attempt with retry timeout of 0 seconds. You can check/set value of 'driver.init.retry.timeout' appropriately to set retry timeout on driver initialization failure.
Driver file not exist.]]>
            </message>
            <full-stacktrace>
              <![CDATA[com.qmetry.qaf.automation.core.AutomationError: Timed out after 0 seconds: Unable to create driver instance in 1st attempt with retry timeout of 0 seconds. You can check/set value of 'driver.init.retry.timeout' appropriately to set retry timeout on driver initialization failure.
Driver file not exist.
	at com.qmetry.qaf.automation.ui.webdriver.ChromeDriverHelper.createAndStartService(ChromeDriverHelper.java:51)
	at com.qmetry.qaf.automation.ui.webdriver.ChromeDriverHelper.getService(ChromeDriverHelper.java:89)
	at com.qmetry.qaf.automation.ui.UiDriverFactory$Browsers.getDriver(UiDriverFactory.java:413)
	at com.qmetry.qaf.automation.ui.UiDriverFactory$Browsers.access$5(UiDriverFactory.java:406)
	at com.qmetry.qaf.automation.ui.UiDriverFactory.getDriver(UiDriverFactory.java:221)
	at com.qmetry.qaf.automation.ui.UiDriverFactory.get(UiDriverFactory.java:94)
	at com.qmetry.qaf.automation.core.QAFTestBase$DriverInitExpectedCondition.apply(QAFTestBase.java:564)
	at com.qmetry.qaf.automation.core.QAFTestBase$DriverInitExpectedCondition.apply(QAFTestBase.java:1)
	at org.openqa.selenium.support.ui.FluentWait.until(FluentWait.java:238)
	at com.qmetry.qaf.automation.core.QAFTestBase.init(QAFTestBase.java:474)
	at com.qmetry.qaf.automation.core.QAFTestBase.getUiDriver(QAFTestBase.java:254)
	at com.qmetry.qaf.automation.ui.WebDriverTestBase.getDriver(WebDriverTestBase.java:47)
	at com.qmetry.qaf.automation.step.CommonStep.get_aroundBody24(CommonStep.java:318)
	at com.qmetry.qaf.automation.step.CommonStep$AjcClosure25.run(CommonStep.java:1)
	at org.aspectj.runtime.reflect.JoinPointImpl.proceed(JoinPointImpl.java:149)
	at com.qmetry.qaf.automation.step.JavaStepReporter$MockJavaStep.doExecute(JavaStepReporter.java:138)
	at com.qmetry.qaf.automation.step.BaseTestStep.execute(BaseTestStep.java:149)
	at com.qmetry.qaf.automation.step.JavaStepReporter.javaTestStep(JavaStepReporter.java:88)
	at com.qmetry.qaf.automation.step.CommonStep.get(CommonStep.java:317)
	at com.qmetry.qaf.example.test.SampleTest.testGoogleSearch4(SampleTest.java:20)
	at sun.reflect.NativeMethodAccessorImpl.invoke0(Native Method)
	at sun.reflect.NativeMethodAccessorImpl.invoke(NativeMethodAccessorImpl.java:62)
	at sun.reflect.DelegatingMethodAccessorImpl.invoke(DelegatingMethodAccessorImpl.java:43)
	at java.lang.reflect.Method.invoke(Method.java:498)
	at org.testng.internal.MethodInvocationHelper.invokeMethod(MethodInvocationHelper.java:104)
	at org.testng.internal.Invoker.invokeMethod(Invoker.java:645)
	at org.testng.internal.Invoker.invokeTestMethod(Invoker.java:851)
	at org.testng.internal.Invoker.invokeTestMethods(Invoker.java:1177)
	at org.testng.internal.TestMethodWorker.invokeTestMethods(TestMethodWorker.java:129)
	at org.testng.internal.TestMethodWorker.run(TestMethodWorker.java:112)
	at org.testng.TestRunner.privateRun(TestRunner.java:781)
	at org.testng.TestRunner.run(TestRunner.java:635)
	at org.testng.SuiteRunner.runTest(SuiteRunner.java:387)
	at org.testng.SuiteRunner.runSequentially(SuiteRunner.java:382)
	at org.testng.SuiteRunner.privateRun(SuiteRunner.java:340)
	at org.testng.SuiteRunner.run(SuiteRunner.java:289)
	at org.testng.SuiteRunnerWorker.runSuite(SuiteRunnerWorker.java:52)
	at org.testng.SuiteRunnerWorker.run(SuiteRunnerWorker.java:86)
	at org.testng.TestNG.runSuitesSequentially(TestNG.java:1293)
	at org.testng.TestNG.runSuitesLocally(TestNG.java:1218)
	at org.testng.TestNG.runSuites(TestNG.java:1133)
	at org.testng.TestNG.run(TestNG.java:1104)
	at org.testng.remote.AbstractRemoteTestNG.run(AbstractRemoteTestNG.java:115)
	at org.testng.remote.RemoteTestNG.initAndRun(RemoteTestNG.java:251)
	at org.testng.remote.RemoteTestNG.main(RemoteTestNG.java:77)
]]>
            </full-stacktrace>
          </exception> <!-- com.qmetry.qaf.automation.core.AutomationError -->
          <reporter-output>
            <line>
              <![CDATA[<div style="display:block;margin-left:10px;"><div  class="teststepfail"><span class="teststepfail-label">T </span>get '/'</div><div style="display:block;margin-left:10px;"><div  class="fail"><span class="fail-label">F </span>com.qmetry.qaf.automation.core.AutomationError: Timed out after 0 seconds: Unable to create driver instance in 1st attempt with retry timeout of 0 seconds. You can check/set value of 'driver.init.retry.timeout' appropriately to set retry timeout on driver initialization failure.
Driver file not exist.</div></div></div>]]>
            </line>
          </reporter-output>
        </test-method> <!-- testGoogleSearch4 -->
        <test-method status="PASS" signature="afterMethod(org.testng.ITestContext, org.testng.ITestResult)[pri:0, instance:com.qmetry.qaf.example.test.SampleTest@6fb0d3ed]" name="afterMethod" is-config="true" duration-ms="1" started-at="2019-04-02T11:15:15Z" finished-at="2019-04-02T11:15:15Z">
          <params>
            <param index="0">
              <value>
                <![CDATA[org.testng.TestRunner@8909f18]]>
              </value>
            </param>
            <param index="1">
              <value>
                <![CDATA[[TestResult name=testGoogleSearch4 status=SKIP method=SampleTest.testGoogleSearch4()[pri:0, instance:com.qmetry.qaf.example.test.SampleTest@6fb0d3ed] output=<div style="display:block;margin-left:10px;"><div  class="teststepfail"><span class="teststepfail-label">T </span>get '/'</div><div style="display:block;margin-left:10px;"><div  class="fail"><span class="fail-label">F </span>com.qmetry.qaf.automation.core.AutomationError: Timed out after 0 seconds: Unable to create driver instance in 1st attempt with retry timeout of 0 seconds. You can check/set value of 'driver.init.retry.timeout' appropriately to set retry timeout on driver initialization failure.
Driver file not exist.</div></div></div>]]]>
              </value>
            </param>
          </params>
          <reporter-output>
          </reporter-output>
        </test-method> <!-- afterMethod -->
        <test-method status="PASS" signature="afterClass(org.testng.ITestContext)[pri:0, instance:com.qmetry.qaf.example.test.SampleTest@6fb0d3ed]" name="afterClass" is-config="true" duration-ms="0" started-at="2019-04-02T11:15:15Z" finished-at="2019-04-02T11:15:15Z">
          <params>
            <param index="0">
              <value>
                <![CDATA[org.testng.TestRunner@8909f18]]>
              </value>
            </param>
          </params>
          <reporter-output>
          </reporter-output>
        </test-method> <!-- afterClass -->
        <test-method status="PASS" signature="afterTest(org.testng.ITestContext)[pri:0, instance:com.qmetry.qaf.example.test.SampleTest@6fb0d3ed]" name="afterTest" is-config="true" duration-ms="1" started-at="2019-04-02T11:15:15Z" finished-at="2019-04-02T11:15:15Z">
          <params>
            <param index="0">
              <value>
                <![CDATA[org.testng.TestRunner@8909f18]]>
              </value>
            </param>
          </params>
          <reporter-output>
          </reporter-output>
        </test-method> <!-- afterTest -->
        <test-method status="PASS" signature="afterSuit(org.testng.ITestContext)[pri:0, instance:com.qmetry.qaf.example.test.SampleTest@6fb0d3ed]" name="afterSuit" is-config="true" duration-ms="2" started-at="2019-04-02T11:15:15Z" finished-at="2019-04-02T11:15:15Z">
          <params>
            <param index="0">
              <value>
                <![CDATA[org.testng.TestRunner@8909f18]]>
              </value>
            </param>
          </params>
          <reporter-output>
          </reporter-output>
        </test-method> <!-- afterSuit -->
      </class> <!-- com.qmetry.qaf.example.test.SampleTest -->
    </test> <!-- Default test -->
  </suite> <!-- Default suite -->
</testng-results>
